2026-02-08 11:26:43.509 [main] INFO  com.gergert.parking.Main - Starting application
2026-02-08 11:26:43.516 [main] INFO  gergert.parking.reader.impl.ReadDataFromFileImpl - Reading file: data/cars.txt
2026-02-08 11:26:43.518 [main] ERROR gergert.parking.reader.impl.ReadDataFromFileImpl - Error reading file data\cars.txt
java.nio.file.NoSuchFileException: data\cars.txt
	at java.base/sun.nio.fs.WindowsException.translateToIOException(WindowsException.java:85)
	at java.base/sun.nio.fs.WindowsException.rethrowAsIOException(WindowsException.java:103)
	at java.base/sun.nio.fs.WindowsException.rethrowAsIOException(WindowsException.java:108)
	at java.base/sun.nio.fs.WindowsFileSystemProvider.newByteChannel(WindowsFileSystemProvider.java:234)
	at java.base/java.nio.file.Files.newByteChannel(Files.java:380)
	at java.base/java.nio.file.Files.newByteChannel(Files.java:432)
	at java.base/java.nio.file.spi.FileSystemProvider.newInputStream(FileSystemProvider.java:420)
	at java.base/java.nio.file.Files.newInputStream(Files.java:160)
	at java.base/java.nio.file.Files.newBufferedReader(Files.java:2921)
	at java.base/java.nio.file.Files.readAllLines(Files.java:3416)
	at java.base/java.nio.file.Files.readAllLines(Files.java:3457)
	at com.gergert.parking.reader.impl.ReadDataFromFileImpl.readFromFile(ReadDataFromFileImpl.java:23)
	at com.gergert.parking.Main.main(Main.java:26)
2026-02-08 11:26:43.521 [main] ERROR com.gergert.parking.Main - No data found.
2026-02-08 11:27:31.461 [main] INFO  com.gergert.parking.Main - Starting application
2026-02-08 11:27:31.466 [main] INFO  gergert.parking.reader.impl.ReadDataFromFileImpl - Reading file: data/cars.txt
2026-02-08 11:27:31.467 [main] ERROR gergert.parking.reader.impl.ReadDataFromFileImpl - Error reading file data\cars.txt
java.nio.file.NoSuchFileException: data\cars.txt
	at java.base/sun.nio.fs.WindowsException.translateToIOException(WindowsException.java:85)
	at java.base/sun.nio.fs.WindowsException.rethrowAsIOException(WindowsException.java:103)
	at java.base/sun.nio.fs.WindowsException.rethrowAsIOException(WindowsException.java:108)
	at java.base/sun.nio.fs.WindowsFileSystemProvider.newByteChannel(WindowsFileSystemProvider.java:234)
	at java.base/java.nio.file.Files.newByteChannel(Files.java:380)
	at java.base/java.nio.file.Files.newByteChannel(Files.java:432)
	at java.base/java.nio.file.spi.FileSystemProvider.newInputStream(FileSystemProvider.java:420)
	at java.base/java.nio.file.Files.newInputStream(Files.java:160)
	at java.base/java.nio.file.Files.newBufferedReader(Files.java:2921)
	at java.base/java.nio.file.Files.readAllLines(Files.java:3416)
	at java.base/java.nio.file.Files.readAllLines(Files.java:3457)
	at com.gergert.parking.reader.impl.ReadDataFromFileImpl.readFromFile(ReadDataFromFileImpl.java:23)
	at com.gergert.parking.Main.main(Main.java:26)
2026-02-08 11:27:31.469 [main] ERROR com.gergert.parking.Main - No data found.
2026-02-08 11:28:26.446 [main] INFO  com.gergert.parking.Main - Starting application
2026-02-08 11:28:26.452 [main] INFO  gergert.parking.reader.impl.ReadDataFromFileImpl - Reading file: data/cars.txt
2026-02-08 11:28:26.453 [main] ERROR gergert.parking.reader.impl.ReadDataFromFileImpl - Error reading file data\cars.txt
java.nio.file.NoSuchFileException: data\cars.txt
	at java.base/sun.nio.fs.WindowsException.translateToIOException(WindowsException.java:85)
	at java.base/sun.nio.fs.WindowsException.rethrowAsIOException(WindowsException.java:103)
	at java.base/sun.nio.fs.WindowsException.rethrowAsIOException(WindowsException.java:108)
	at java.base/sun.nio.fs.WindowsFileSystemProvider.newByteChannel(WindowsFileSystemProvider.java:234)
	at java.base/java.nio.file.Files.newByteChannel(Files.java:380)
	at java.base/java.nio.file.Files.newByteChannel(Files.java:432)
	at java.base/java.nio.file.spi.FileSystemProvider.newInputStream(FileSystemProvider.java:420)
	at java.base/java.nio.file.Files.newInputStream(Files.java:160)
	at java.base/java.nio.file.Files.newBufferedReader(Files.java:2921)
	at java.base/java.nio.file.Files.readAllLines(Files.java:3416)
	at java.base/java.nio.file.Files.readAllLines(Files.java:3457)
	at com.gergert.parking.reader.impl.ReadDataFromFileImpl.readFromFile(ReadDataFromFileImpl.java:23)
	at com.gergert.parking.Main.main(Main.java:26)
2026-02-08 11:28:26.455 [main] ERROR com.gergert.parking.Main - No data found.
2026-02-08 11:28:47.792 [main] INFO  com.gergert.parking.Main - Starting application
2026-02-08 11:28:47.798 [main] INFO  gergert.parking.reader.impl.ReadDataFromFileImpl - Reading file: data/cars.txt
2026-02-08 11:28:47.800 [main] ERROR gergert.parking.reader.impl.ReadDataFromFileImpl - Error reading file data\cars.txt
java.nio.file.NoSuchFileException: data\cars.txt
	at java.base/sun.nio.fs.WindowsException.translateToIOException(WindowsException.java:85)
	at java.base/sun.nio.fs.WindowsException.rethrowAsIOException(WindowsException.java:103)
	at java.base/sun.nio.fs.WindowsException.rethrowAsIOException(WindowsException.java:108)
	at java.base/sun.nio.fs.WindowsFileSystemProvider.newByteChannel(WindowsFileSystemProvider.java:234)
	at java.base/java.nio.file.Files.newByteChannel(Files.java:380)
	at java.base/java.nio.file.Files.newByteChannel(Files.java:432)
	at java.base/java.nio.file.spi.FileSystemProvider.newInputStream(FileSystemProvider.java:420)
	at java.base/java.nio.file.Files.newInputStream(Files.java:160)
	at java.base/java.nio.file.Files.newBufferedReader(Files.java:2921)
	at java.base/java.nio.file.Files.readAllLines(Files.java:3416)
	at java.base/java.nio.file.Files.readAllLines(Files.java:3457)
	at com.gergert.parking.reader.impl.ReadDataFromFileImpl.readFromFile(ReadDataFromFileImpl.java:23)
	at com.gergert.parking.Main.main(Main.java:26)
2026-02-08 11:28:47.801 [main] ERROR com.gergert.parking.Main - No data found.
2026-02-08 11:29:25.065 [main] INFO  com.gergert.parking.Main - Starting application
2026-02-08 11:29:25.070 [main] INFO  gergert.parking.reader.impl.ReadDataFromFileImpl - Reading file: data/cars
2026-02-08 11:29:25.076 [main] INFO  gergert.parking.reader.impl.ReadDataFromFileImpl - Success on reading file, Read 40 lines from file data\cars
2026-02-08 11:29:25.077 [main] INFO  gergert.parking.parser.impl.CarParserImpl - Parsed 40 cars.
2026-02-08 11:29:25.085 [pool-2-thread-20] INFO  com.gergert.parking.entity.Parking - Parking initialized. Places: 5
2026-02-08 11:29:25.085 [pool-2-thread-20] INFO  com.gergert.parking.entity.Parking - Car com.gergert.parking.entity.Car@547cce01 took spot 1
2026-02-08 11:29:25.087 [pool-2-thread-33] DEBUG com.gergert.parking.entity.Parking - Car: 33 vip waits for spot.
2026-02-08 11:29:25.087 [pool-2-thread-33] INFO  com.gergert.parking.entity.Parking - Car com.gergert.parking.entity.Car@5bfaa464 took spot 2
2026-02-08 11:29:25.087 [pool-2-thread-6] DEBUG com.gergert.parking.entity.Parking - Car: 6 vip waits for spot.
2026-02-08 11:29:25.087 [pool-2-thread-6] INFO  com.gergert.parking.entity.Parking - Car com.gergert.parking.entity.Car@6a51da45 took spot 3
2026-02-08 11:29:25.087 [pool-2-thread-39] INFO  com.gergert.parking.entity.Parking - Car com.gergert.parking.entity.Car@5a1224e7 took spot 4
2026-02-08 11:29:25.088 [pool-2-thread-38] INFO  com.gergert.parking.entity.Parking - Car com.gergert.parking.entity.Car@656cccb1 took spot 5
2026-02-08 11:29:25.088 [pool-2-thread-37] DEBUG com.gergert.parking.entity.Parking - Car: 37 vip waits for spot.
2026-02-08 11:29:25.088 [pool-2-thread-40] DEBUG com.gergert.parking.entity.Parking - Car: 40 vip waits for spot.
2026-02-08 11:29:25.088 [pool-2-thread-36] DEBUG com.gergert.parking.entity.Parking - Car 36 normal waits.
2026-02-08 11:29:25.089 [pool-2-thread-35] DEBUG com.gergert.parking.entity.Parking - Car 35 normal waits.
2026-02-08 11:29:25.089 [pool-2-thread-34] DEBUG com.gergert.parking.entity.Parking - Car 34 normal waits.
2026-02-08 11:29:25.089 [pool-2-thread-32] DEBUG com.gergert.parking.entity.Parking - Car 32 normal waits.
2026-02-08 11:29:25.089 [pool-2-thread-31] DEBUG com.gergert.parking.entity.Parking - Car 31 normal waits.
2026-02-08 11:29:25.090 [pool-2-thread-30] DEBUG com.gergert.parking.entity.Parking - Car: 30 vip waits for spot.
2026-02-08 11:29:25.090 [pool-2-thread-29] DEBUG com.gergert.parking.entity.Parking - Car 29 normal waits.
2026-02-08 11:29:25.090 [pool-2-thread-28] DEBUG com.gergert.parking.entity.Parking - Car 28 normal waits.
2026-02-08 11:29:25.091 [pool-2-thread-27] DEBUG com.gergert.parking.entity.Parking - Car 27 normal waits.
2026-02-08 11:29:25.091 [pool-2-thread-15] DEBUG com.gergert.parking.entity.Parking - Car: 15 vip waits for spot.
2026-02-08 11:29:25.091 [pool-2-thread-19] DEBUG com.gergert.parking.entity.Parking - Car: 19 vip waits for spot.
2026-02-08 11:29:25.091 [pool-2-thread-18] DEBUG com.gergert.parking.entity.Parking - Car 18 normal waits.
2026-02-08 11:29:25.091 [pool-2-thread-4] DEBUG com.gergert.parking.entity.Parking - Car 4 normal waits.
2026-02-08 11:29:25.091 [pool-2-thread-14] DEBUG com.gergert.parking.entity.Parking - Car 14 normal waits.
2026-02-08 11:29:25.091 [pool-2-thread-13] DEBUG com.gergert.parking.entity.Parking - Car 13 normal waits.
2026-02-08 11:29:25.092 [pool-2-thread-16] DEBUG com.gergert.parking.entity.Parking - Car 16 normal waits.
2026-02-08 11:29:25.092 [pool-2-thread-26] DEBUG com.gergert.parking.entity.Parking - Car 26 normal waits.
2026-02-08 11:29:25.092 [pool-2-thread-12] DEBUG com.gergert.parking.entity.Parking - Car 12 normal waits.
2026-02-08 11:29:25.092 [pool-2-thread-8] DEBUG com.gergert.parking.entity.Parking - Car 8 normal waits.
2026-02-08 11:29:25.094 [pool-2-thread-17] DEBUG com.gergert.parking.entity.Parking - Car 17 normal waits.
2026-02-08 11:29:25.094 [pool-2-thread-5] DEBUG com.gergert.parking.entity.Parking - Car 5 normal waits.
2026-02-08 11:29:25.094 [pool-2-thread-11] DEBUG com.gergert.parking.entity.Parking - Car: 11 vip waits for spot.
2026-02-08 11:29:25.094 [pool-2-thread-3] DEBUG com.gergert.parking.entity.Parking - Car: 3 vip waits for spot.
2026-02-08 11:29:25.094 [pool-2-thread-25] DEBUG com.gergert.parking.entity.Parking - Car 25 normal waits.
2026-02-08 11:29:25.095 [pool-2-thread-10] DEBUG com.gergert.parking.entity.Parking - Car: 10 vip waits for spot.
2026-02-08 11:29:25.095 [pool-2-thread-7] DEBUG com.gergert.parking.entity.Parking - Car 7 normal waits.
2026-02-08 11:29:25.095 [pool-2-thread-9] DEBUG com.gergert.parking.entity.Parking - Car 9 normal waits.
2026-02-08 11:29:25.095 [pool-2-thread-24] DEBUG com.gergert.parking.entity.Parking - Car: 24 vip waits for spot.
2026-02-08 11:29:25.096 [pool-2-thread-1] DEBUG com.gergert.parking.entity.Parking - Car 1 normal waits.
2026-02-08 11:29:25.096 [pool-2-thread-23] DEBUG com.gergert.parking.entity.Parking - Car: 23 vip waits for spot.
2026-02-08 11:29:25.096 [pool-2-thread-2] DEBUG com.gergert.parking.entity.Parking - Car 2 normal waits.
2026-02-08 11:29:25.096 [pool-2-thread-22] DEBUG com.gergert.parking.entity.Parking - Car: 22 vip waits for spot.
2026-02-08 11:29:25.096 [pool-2-thread-21] DEBUG com.gergert.parking.entity.Parking - Car 21 normal waits.
2026-02-08 11:29:25.151 [pool-2-thread-38] INFO  com.gergert.parking.entity.Parking - 5 released. Expected VIPs: 11
2026-02-08 11:29:25.151 [pool-2-thread-6] INFO  com.gergert.parking.entity.Parking - 3 released. Expected VIPs: 11
2026-02-08 11:29:25.152 [pool-2-thread-39] INFO  com.gergert.parking.entity.Parking - 4 released. Expected VIPs: 11
2026-02-08 11:29:25.152 [pool-2-thread-33] INFO  com.gergert.parking.entity.Parking - 2 released. Expected VIPs: 11
2026-02-08 11:29:25.152 [pool-2-thread-20] INFO  com.gergert.parking.entity.Parking - 1 released. Expected VIPs: 11
2026-02-08 11:29:25.152 [pool-2-thread-37] INFO  com.gergert.parking.entity.Parking - Car com.gergert.parking.entity.Car@36853864 took spot 5
2026-02-08 11:29:25.154 [pool-2-thread-40] INFO  com.gergert.parking.entity.Parking - Car com.gergert.parking.entity.Car@46bbed67 took spot 3
2026-02-08 11:29:25.154 [pool-2-thread-30] INFO  com.gergert.parking.entity.Parking - Car com.gergert.parking.entity.Car@6ec5e77d took spot 4
2026-02-08 11:29:25.154 [pool-2-thread-15] INFO  com.gergert.parking.entity.Parking - Car com.gergert.parking.entity.Car@2743db90 took spot 2
2026-02-08 11:29:25.154 [pool-2-thread-19] INFO  com.gergert.parking.entity.Parking - Car com.gergert.parking.entity.Car@4d9bccf7 took spot 1
2026-02-08 11:29:25.213 [pool-2-thread-15] INFO  com.gergert.parking.entity.Parking - 2 released. Expected VIPs: 6
2026-02-08 11:29:25.213 [pool-2-thread-30] INFO  com.gergert.parking.entity.Parking - 4 released. Expected VIPs: 6
2026-02-08 11:29:25.213 [pool-2-thread-40] INFO  com.gergert.parking.entity.Parking - 3 released. Expected VIPs: 6
2026-02-08 11:29:25.215 [pool-2-thread-19] INFO  com.gergert.parking.entity.Parking - 1 released. Expected VIPs: 6
2026-02-08 11:29:25.215 [pool-2-thread-37] INFO  com.gergert.parking.entity.Parking - 5 released. Expected VIPs: 6
2026-02-08 11:29:25.215 [pool-2-thread-11] INFO  com.gergert.parking.entity.Parking - Car com.gergert.parking.entity.Car@571304b9 took spot 2
2026-02-08 11:29:25.216 [pool-2-thread-3] INFO  com.gergert.parking.entity.Parking - Car com.gergert.parking.entity.Car@2dc0e0d5 took spot 4
2026-02-08 11:29:25.216 [pool-2-thread-10] INFO  com.gergert.parking.entity.Parking - Car com.gergert.parking.entity.Car@7623094f took spot 3
2026-02-08 11:29:25.216 [pool-2-thread-24] INFO  com.gergert.parking.entity.Parking - Car com.gergert.parking.entity.Car@7927a829 took spot 1
2026-02-08 11:29:25.216 [pool-2-thread-23] INFO  com.gergert.parking.entity.Parking - Car com.gergert.parking.entity.Car@65cb7916 took spot 5
2026-02-08 11:29:25.275 [pool-2-thread-23] INFO  com.gergert.parking.entity.Parking - 5 released. Expected VIPs: 1
2026-02-08 11:29:25.276 [pool-2-thread-11] INFO  com.gergert.parking.entity.Parking - 2 released. Expected VIPs: 1
2026-02-08 11:29:25.276 [pool-2-thread-10] INFO  com.gergert.parking.entity.Parking - 3 released. Expected VIPs: 1
2026-02-08 11:29:25.276 [pool-2-thread-3] INFO  com.gergert.parking.entity.Parking - 4 released. Expected VIPs: 1
2026-02-08 11:29:25.277 [pool-2-thread-24] INFO  com.gergert.parking.entity.Parking - 1 released. Expected VIPs: 1
2026-02-08 11:29:25.277 [pool-2-thread-22] INFO  com.gergert.parking.entity.Parking - Car com.gergert.parking.entity.Car@19ed0e49 took spot 5
2026-02-08 11:29:25.338 [pool-2-thread-22] INFO  com.gergert.parking.entity.Parking - 5 released. Expected VIPs: 0
2026-02-08 11:29:25.338 [pool-2-thread-36] INFO  com.gergert.parking.entity.Parking - Car com.gergert.parking.entity.Car@3d760ab9 took spot 2
2026-02-08 11:29:25.401 [pool-2-thread-36] INFO  com.gergert.parking.entity.Parking - 2 released. Expected VIPs: 0
2026-02-08 11:29:25.401 [pool-2-thread-35] INFO  com.gergert.parking.entity.Parking - Car com.gergert.parking.entity.Car@627a7ab2 took spot 3
2026-02-08 11:29:25.464 [pool-2-thread-35] INFO  com.gergert.parking.entity.Parking - 3 released. Expected VIPs: 0
2026-02-08 11:29:25.466 [pool-2-thread-34] INFO  com.gergert.parking.entity.Parking - Car com.gergert.parking.entity.Car@76b20ed2 took spot 4
2026-02-08 11:29:25.526 [pool-2-thread-34] INFO  com.gergert.parking.entity.Parking - 4 released. Expected VIPs: 0
2026-02-08 11:29:25.526 [pool-2-thread-32] INFO  com.gergert.parking.entity.Parking - Car com.gergert.parking.entity.Car@7c65bff5 took spot 1
2026-02-08 11:29:25.589 [pool-2-thread-32] INFO  com.gergert.parking.entity.Parking - 1 released. Expected VIPs: 0
2026-02-08 11:29:25.590 [pool-2-thread-31] INFO  com.gergert.parking.entity.Parking - Car com.gergert.parking.entity.Car@1fe312be took spot 5
2026-02-08 11:29:25.651 [pool-2-thread-31] INFO  com.gergert.parking.entity.Parking - 5 released. Expected VIPs: 0
2026-02-08 11:29:25.651 [pool-2-thread-29] INFO  com.gergert.parking.entity.Parking - Car com.gergert.parking.entity.Car@50b2315d took spot 2
2026-02-08 11:29:25.714 [pool-2-thread-29] INFO  com.gergert.parking.entity.Parking - 2 released. Expected VIPs: 0
2026-02-08 11:29:25.714 [pool-2-thread-28] INFO  com.gergert.parking.entity.Parking - Car com.gergert.parking.entity.Car@14d3f560 took spot 3
2026-02-08 11:29:25.775 [pool-2-thread-28] INFO  com.gergert.parking.entity.Parking - 3 released. Expected VIPs: 0
2026-02-08 11:29:25.776 [pool-2-thread-27] INFO  com.gergert.parking.entity.Parking - Car com.gergert.parking.entity.Car@1973a2f4 took spot 4
2026-02-08 11:29:25.838 [pool-2-thread-27] INFO  com.gergert.parking.entity.Parking - 4 released. Expected VIPs: 0
2026-02-08 11:29:25.842 [pool-2-thread-18] INFO  com.gergert.parking.entity.Parking - Car com.gergert.parking.entity.Car@7e4e6121 took spot 1
2026-02-08 11:29:25.900 [pool-2-thread-18] INFO  com.gergert.parking.entity.Parking - 1 released. Expected VIPs: 0
2026-02-08 11:29:25.900 [pool-2-thread-4] INFO  com.gergert.parking.entity.Parking - Car com.gergert.parking.entity.Car@98bebfc took spot 5
2026-02-08 11:29:25.963 [pool-2-thread-4] INFO  com.gergert.parking.entity.Parking - 5 released. Expected VIPs: 0
2026-02-08 11:29:25.963 [pool-2-thread-14] INFO  com.gergert.parking.entity.Parking - Car com.gergert.parking.entity.Car@3aaa3522 took spot 2
2026-02-08 11:29:26.024 [pool-2-thread-14] INFO  com.gergert.parking.entity.Parking - 2 released. Expected VIPs: 0
2026-02-08 11:29:26.024 [pool-2-thread-13] INFO  com.gergert.parking.entity.Parking - Car com.gergert.parking.entity.Car@27470773 took spot 3
2026-02-08 11:29:26.087 [pool-2-thread-13] INFO  com.gergert.parking.entity.Parking - 3 released. Expected VIPs: 0
2026-02-08 11:29:26.087 [pool-2-thread-16] INFO  com.gergert.parking.entity.Parking - Car com.gergert.parking.entity.Car@7910f34c took spot 4
2026-02-08 11:29:26.149 [pool-2-thread-16] INFO  com.gergert.parking.entity.Parking - 4 released. Expected VIPs: 0
2026-02-08 11:29:26.149 [pool-2-thread-26] INFO  com.gergert.parking.entity.Parking - Car com.gergert.parking.entity.Car@39f3f036 took spot 1
2026-02-08 11:29:26.210 [pool-2-thread-26] INFO  com.gergert.parking.entity.Parking - 1 released. Expected VIPs: 0
2026-02-08 11:29:26.210 [pool-2-thread-12] INFO  com.gergert.parking.entity.Parking - Car com.gergert.parking.entity.Car@219665c3 took spot 5
2026-02-08 11:29:26.272 [pool-2-thread-12] INFO  com.gergert.parking.entity.Parking - 5 released. Expected VIPs: 0
2026-02-08 11:29:26.274 [pool-2-thread-8] INFO  com.gergert.parking.entity.Parking - Car com.gergert.parking.entity.Car@144df463 took spot 2
2026-02-08 11:29:26.336 [pool-2-thread-8] INFO  com.gergert.parking.entity.Parking - 2 released. Expected VIPs: 0
2026-02-08 11:29:26.336 [pool-2-thread-17] INFO  com.gergert.parking.entity.Parking - Car com.gergert.parking.entity.Car@6eaba7a8 took spot 3
2026-02-08 11:29:26.398 [pool-2-thread-17] INFO  com.gergert.parking.entity.Parking - 3 released. Expected VIPs: 0
2026-02-08 11:29:26.398 [pool-2-thread-5] INFO  com.gergert.parking.entity.Parking - Car com.gergert.parking.entity.Car@1fe7344e took spot 4
2026-02-08 11:29:26.461 [pool-2-thread-5] INFO  com.gergert.parking.entity.Parking - 4 released. Expected VIPs: 0
2026-02-08 11:29:26.461 [pool-2-thread-25] INFO  com.gergert.parking.entity.Parking - Car com.gergert.parking.entity.Car@3ad2921f took spot 1
2026-02-08 11:29:26.525 [pool-2-thread-25] INFO  com.gergert.parking.entity.Parking - 1 released. Expected VIPs: 0
2026-02-08 11:29:26.525 [pool-2-thread-7] INFO  com.gergert.parking.entity.Parking - Car com.gergert.parking.entity.Car@79f414cf took spot 5
2026-02-08 11:29:26.586 [pool-2-thread-7] INFO  com.gergert.parking.entity.Parking - 5 released. Expected VIPs: 0
2026-02-08 11:29:26.586 [pool-2-thread-9] INFO  com.gergert.parking.entity.Parking - Car com.gergert.parking.entity.Car@262e4f7e took spot 2
2026-02-08 11:29:26.649 [pool-2-thread-9] INFO  com.gergert.parking.entity.Parking - 2 released. Expected VIPs: 0
2026-02-08 11:29:26.649 [pool-2-thread-1] INFO  com.gergert.parking.entity.Parking - Car com.gergert.parking.entity.Car@3a4e59df took spot 3
2026-02-08 11:29:26.710 [pool-2-thread-1] INFO  com.gergert.parking.entity.Parking - 3 released. Expected VIPs: 0
2026-02-08 11:29:26.710 [pool-2-thread-2] INFO  com.gergert.parking.entity.Parking - Car com.gergert.parking.entity.Car@411535a3 took spot 4
2026-02-08 11:29:26.773 [pool-2-thread-2] INFO  com.gergert.parking.entity.Parking - 4 released. Expected VIPs: 0
2026-02-08 11:29:26.774 [pool-2-thread-21] INFO  com.gergert.parking.entity.Parking - Car com.gergert.parking.entity.Car@6eec26cf took spot 1
2026-02-08 11:29:26.835 [pool-2-thread-21] INFO  com.gergert.parking.entity.Parking - 1 released. Expected VIPs: 0
2026-02-08 11:29:26.836 [main] INFO  com.gergert.parking.Main - Application finished successfully.
2026-02-08 11:36:26.915 [main] INFO  com.gergert.parking.Main - Starting application
2026-02-08 11:36:26.921 [main] INFO  gergert.parking.reader.impl.ReadDataFromFileImpl - Reading file: data/cars
2026-02-08 11:36:26.922 [main] ERROR gergert.parking.reader.impl.ReadDataFromFileImpl - Error reading file data\cars
java.nio.file.NoSuchFileException: data\cars
	at java.base/sun.nio.fs.WindowsException.translateToIOException(WindowsException.java:85)
	at java.base/sun.nio.fs.WindowsException.rethrowAsIOException(WindowsException.java:103)
	at java.base/sun.nio.fs.WindowsException.rethrowAsIOException(WindowsException.java:108)
	at java.base/sun.nio.fs.WindowsFileSystemProvider.newByteChannel(WindowsFileSystemProvider.java:234)
	at java.base/java.nio.file.Files.newByteChannel(Files.java:380)
	at java.base/java.nio.file.Files.newByteChannel(Files.java:432)
	at java.base/java.nio.file.spi.FileSystemProvider.newInputStream(FileSystemProvider.java:420)
	at java.base/java.nio.file.Files.newInputStream(Files.java:160)
	at java.base/java.nio.file.Files.newBufferedReader(Files.java:2921)
	at java.base/java.nio.file.Files.readAllLines(Files.java:3416)
	at java.base/java.nio.file.Files.readAllLines(Files.java:3457)
	at com.gergert.parking.reader.impl.ReadDataFromFileImpl.readFromFile(ReadDataFromFileImpl.java:23)
	at com.gergert.parking.Main.main(Main.java:26)
2026-02-08 11:36:26.923 [main] ERROR com.gergert.parking.Main - No data found.
2026-02-08 11:39:45.500 [main] INFO  com.gergert.parking.Main - Starting application
2026-02-08 11:39:45.505 [main] INFO  gergert.parking.reader.impl.ReadDataFromFileImpl - Reading file: data/cars.txt
2026-02-08 11:39:45.512 [main] INFO  gergert.parking.reader.impl.ReadDataFromFileImpl - Success on reading file, Read 40 lines from file data\cars.txt
2026-02-08 11:39:45.513 [main] INFO  gergert.parking.parser.impl.CarParserImpl - Parsed 40 cars.
2026-02-08 11:39:45.521 [pool-2-thread-18] INFO  com.gergert.parking.entity.Parking - Parking initialized. Places: 5
2026-02-08 11:39:45.521 [pool-2-thread-18] INFO  com.gergert.parking.entity.Parking - Car com.gergert.parking.entity.Car@712ac709 took spot 1
2026-02-08 11:39:45.521 [pool-2-thread-1] INFO  com.gergert.parking.entity.Parking - Car com.gergert.parking.entity.Car@8cfdc94 took spot 2
2026-02-08 11:39:45.523 [pool-2-thread-27] INFO  com.gergert.parking.entity.Parking - Car com.gergert.parking.entity.Car@39f3f036 took spot 3
2026-02-08 11:39:45.523 [pool-2-thread-25] INFO  com.gergert.parking.entity.Parking - Car com.gergert.parking.entity.Car@7927a829 took spot 4
2026-02-08 11:39:45.523 [pool-2-thread-24] DEBUG com.gergert.parking.entity.Parking - Car: 24 vip waits for spot.
2026-02-08 11:39:45.523 [pool-2-thread-24] INFO  com.gergert.parking.entity.Parking - Car com.gergert.parking.entity.Car@19ed0e49 took spot 5
2026-02-08 11:39:45.523 [pool-2-thread-23] DEBUG com.gergert.parking.entity.Parking - Car: 23 vip waits for spot.
2026-02-08 11:39:45.524 [pool-2-thread-28] DEBUG com.gergert.parking.entity.Parking - Car 28 normal waits.
2026-02-08 11:39:45.524 [pool-2-thread-22] DEBUG com.gergert.parking.entity.Parking - Car: 22 vip waits for spot.
2026-02-08 11:39:45.524 [pool-2-thread-21] DEBUG com.gergert.parking.entity.Parking - Car 21 normal waits.
2026-02-08 11:39:45.524 [pool-2-thread-20] DEBUG com.gergert.parking.entity.Parking - Car 20 normal waits.
2026-02-08 11:39:45.525 [pool-2-thread-26] DEBUG com.gergert.parking.entity.Parking - Car 26 normal waits.
2026-02-08 11:39:45.525 [pool-2-thread-4] DEBUG com.gergert.parking.entity.Parking - Car 4 normal waits.
2026-02-08 11:39:45.525 [pool-2-thread-14] DEBUG com.gergert.parking.entity.Parking - Car 14 normal waits.
2026-02-08 11:39:45.525 [pool-2-thread-15] DEBUG com.gergert.parking.entity.Parking - Car: 15 vip waits for spot.
2026-02-08 11:39:45.526 [pool-2-thread-11] DEBUG com.gergert.parking.entity.Parking - Car: 11 vip waits for spot.
2026-02-08 11:39:45.526 [pool-2-thread-10] DEBUG com.gergert.parking.entity.Parking - Car: 10 vip waits for spot.
2026-02-08 11:39:45.526 [pool-2-thread-12] DEBUG com.gergert.parking.entity.Parking - Car 12 normal waits.
2026-02-08 11:39:45.526 [pool-2-thread-13] DEBUG com.gergert.parking.entity.Parking - Car 13 normal waits.
2026-02-08 11:39:45.527 [pool-2-thread-9] DEBUG com.gergert.parking.entity.Parking - Car 9 normal waits.
2026-02-08 11:39:45.527 [pool-2-thread-8] DEBUG com.gergert.parking.entity.Parking - Car 8 normal waits.
2026-02-08 11:39:45.527 [pool-2-thread-7] DEBUG com.gergert.parking.entity.Parking - Car 7 normal waits.
2026-02-08 11:39:45.527 [pool-2-thread-5] DEBUG com.gergert.parking.entity.Parking - Car 5 normal waits.
2026-02-08 11:39:45.528 [pool-2-thread-19] DEBUG com.gergert.parking.entity.Parking - Car: 19 vip waits for spot.
2026-02-08 11:39:45.528 [pool-2-thread-6] DEBUG com.gergert.parking.entity.Parking - Car: 6 vip waits for spot.
2026-02-08 11:39:45.528 [pool-2-thread-3] DEBUG com.gergert.parking.entity.Parking - Car: 3 vip waits for spot.
2026-02-08 11:39:45.528 [pool-2-thread-2] DEBUG com.gergert.parking.entity.Parking - Car 2 normal waits.
2026-02-08 11:39:45.529 [pool-2-thread-16] DEBUG com.gergert.parking.entity.Parking - Car 16 normal waits.
2026-02-08 11:39:45.529 [pool-2-thread-17] DEBUG com.gergert.parking.entity.Parking - Car 17 normal waits.
2026-02-08 11:39:45.529 [pool-2-thread-31] DEBUG com.gergert.parking.entity.Parking - Car 31 normal waits.
2026-02-08 11:39:45.529 [pool-2-thread-30] DEBUG com.gergert.parking.entity.Parking - Car: 30 vip waits for spot.
2026-02-08 11:39:45.530 [pool-2-thread-32] DEBUG com.gergert.parking.entity.Parking - Car 32 normal waits.
2026-02-08 11:39:45.530 [pool-2-thread-29] DEBUG com.gergert.parking.entity.Parking - Car 29 normal waits.
2026-02-08 11:39:45.530 [pool-2-thread-33] DEBUG com.gergert.parking.entity.Parking - Car: 33 vip waits for spot.
2026-02-08 11:39:45.530 [pool-2-thread-34] DEBUG com.gergert.parking.entity.Parking - Car 34 normal waits.
2026-02-08 11:39:45.530 [pool-2-thread-35] DEBUG com.gergert.parking.entity.Parking - Car 35 normal waits.
2026-02-08 11:39:45.530 [pool-2-thread-37] DEBUG com.gergert.parking.entity.Parking - Car: 37 vip waits for spot.
2026-02-08 11:39:45.532 [pool-2-thread-36] DEBUG com.gergert.parking.entity.Parking - Car 36 normal waits.
2026-02-08 11:39:45.532 [pool-2-thread-38] DEBUG com.gergert.parking.entity.Parking - Car 38 normal waits.
2026-02-08 11:39:45.532 [pool-2-thread-39] DEBUG com.gergert.parking.entity.Parking - Car 39 normal waits.
2026-02-08 11:39:45.532 [pool-2-thread-40] DEBUG com.gergert.parking.entity.Parking - Car: 40 vip waits for spot.
2026-02-08 11:39:45.585 [pool-2-thread-25] INFO  com.gergert.parking.entity.Parking - 4 released. Expected VIPs: 12
2026-02-08 11:39:45.585 [pool-2-thread-24] INFO  com.gergert.parking.entity.Parking - 5 released. Expected VIPs: 12
2026-02-08 11:39:45.585 [pool-2-thread-27] INFO  com.gergert.parking.entity.Parking - 3 released. Expected VIPs: 12
2026-02-08 11:39:45.586 [pool-2-thread-1] INFO  com.gergert.parking.entity.Parking - 2 released. Expected VIPs: 12
2026-02-08 11:39:45.586 [pool-2-thread-18] INFO  com.gergert.parking.entity.Parking - 1 released. Expected VIPs: 12
2026-02-08 11:39:45.586 [pool-2-thread-23] INFO  com.gergert.parking.entity.Parking - Car com.gergert.parking.entity.Car@41393016 took spot 4
2026-02-08 11:39:45.586 [pool-2-thread-22] INFO  com.gergert.parking.entity.Parking - Car com.gergert.parking.entity.Car@4d9bccf7 took spot 5
2026-02-08 11:39:45.586 [pool-2-thread-15] INFO  com.gergert.parking.entity.Parking - Car com.gergert.parking.entity.Car@7f6f196a took spot 3
2026-02-08 11:39:45.587 [pool-2-thread-11] INFO  com.gergert.parking.entity.Parking - Car com.gergert.parking.entity.Car@59f0f9f5 took spot 2
2026-02-08 11:39:45.587 [pool-2-thread-10] INFO  com.gergert.parking.entity.Parking - Car com.gergert.parking.entity.Car@79f414cf took spot 1
2026-02-08 11:39:45.646 [pool-2-thread-15] INFO  com.gergert.parking.entity.Parking - 3 released. Expected VIPs: 7
2026-02-08 11:39:45.646 [pool-2-thread-22] INFO  com.gergert.parking.entity.Parking - 5 released. Expected VIPs: 7
2026-02-08 11:39:45.646 [pool-2-thread-23] INFO  com.gergert.parking.entity.Parking - 4 released. Expected VIPs: 7
2026-02-08 11:39:45.646 [pool-2-thread-10] INFO  com.gergert.parking.entity.Parking - 1 released. Expected VIPs: 7
2026-02-08 11:39:45.647 [pool-2-thread-11] INFO  com.gergert.parking.entity.Parking - 2 released. Expected VIPs: 7
2026-02-08 11:39:45.647 [pool-2-thread-19] INFO  com.gergert.parking.entity.Parking - Car com.gergert.parking.entity.Car@6eaba7a8 took spot 3
2026-02-08 11:39:45.647 [pool-2-thread-6] INFO  com.gergert.parking.entity.Parking - Car com.gergert.parking.entity.Car@15a287d0 took spot 5
2026-02-08 11:39:45.647 [pool-2-thread-3] INFO  com.gergert.parking.entity.Parking - Car com.gergert.parking.entity.Car@434566aa took spot 4
2026-02-08 11:39:45.648 [pool-2-thread-30] INFO  com.gergert.parking.entity.Parking - Car com.gergert.parking.entity.Car@59737585 took spot 1
2026-02-08 11:39:45.648 [pool-2-thread-33] INFO  com.gergert.parking.entity.Parking - Car com.gergert.parking.entity.Car@50b2315d took spot 2
2026-02-08 11:39:45.710 [pool-2-thread-30] INFO  com.gergert.parking.entity.Parking - 1 released. Expected VIPs: 2
2026-02-08 11:39:45.710 [pool-2-thread-3] INFO  com.gergert.parking.entity.Parking - 4 released. Expected VIPs: 2
2026-02-08 11:39:45.710 [pool-2-thread-33] INFO  com.gergert.parking.entity.Parking - 2 released. Expected VIPs: 2
2026-02-08 11:39:45.711 [pool-2-thread-19] INFO  com.gergert.parking.entity.Parking - 3 released. Expected VIPs: 2
2026-02-08 11:39:45.711 [pool-2-thread-6] INFO  com.gergert.parking.entity.Parking - 5 released. Expected VIPs: 2
2026-02-08 11:39:45.711 [pool-2-thread-37] INFO  com.gergert.parking.entity.Parking - Car com.gergert.parking.entity.Car@5bfaa464 took spot 1
2026-02-08 11:39:45.711 [pool-2-thread-40] INFO  com.gergert.parking.entity.Parking - Car com.gergert.parking.entity.Car@12a313e9 took spot 4
2026-02-08 11:39:45.772 [pool-2-thread-40] INFO  com.gergert.parking.entity.Parking - 4 released. Expected VIPs: 0
2026-02-08 11:39:45.772 [pool-2-thread-37] INFO  com.gergert.parking.entity.Parking - 1 released. Expected VIPs: 0
2026-02-08 11:39:45.772 [pool-2-thread-28] INFO  com.gergert.parking.entity.Parking - Car com.gergert.parking.entity.Car@39677dab took spot 2
2026-02-08 11:39:45.773 [pool-2-thread-21] INFO  com.gergert.parking.entity.Parking - Car com.gergert.parking.entity.Car@7d8aa47b took spot 3
2026-02-08 11:39:45.834 [pool-2-thread-28] INFO  com.gergert.parking.entity.Parking - 2 released. Expected VIPs: 0
2026-02-08 11:39:45.834 [pool-2-thread-21] INFO  com.gergert.parking.entity.Parking - 3 released. Expected VIPs: 0
2026-02-08 11:39:45.834 [pool-2-thread-20] INFO  com.gergert.parking.entity.Parking - Car com.gergert.parking.entity.Car@6c3f293f took spot 5
2026-02-08 11:39:45.834 [pool-2-thread-26] INFO  com.gergert.parking.entity.Parking - Car com.gergert.parking.entity.Car@3ad2921f took spot 4
2026-02-08 11:39:45.896 [pool-2-thread-20] INFO  com.gergert.parking.entity.Parking - 5 released. Expected VIPs: 0
2026-02-08 11:39:45.896 [pool-2-thread-26] INFO  com.gergert.parking.entity.Parking - 4 released. Expected VIPs: 0
2026-02-08 11:39:45.896 [pool-2-thread-4] INFO  com.gergert.parking.entity.Parking - Car com.gergert.parking.entity.Car@7079f9d9 took spot 1
2026-02-08 11:39:45.898 [pool-2-thread-14] INFO  com.gergert.parking.entity.Parking - Car com.gergert.parking.entity.Car@5b375f3e took spot 2
2026-02-08 11:39:45.958 [pool-2-thread-14] INFO  com.gergert.parking.entity.Parking - 2 released. Expected VIPs: 0
2026-02-08 11:39:45.958 [pool-2-thread-4] INFO  com.gergert.parking.entity.Parking - 1 released. Expected VIPs: 0
2026-02-08 11:39:45.960 [pool-2-thread-12] INFO  com.gergert.parking.entity.Parking - Car com.gergert.parking.entity.Car@144df463 took spot 3
2026-02-08 11:39:45.960 [pool-2-thread-13] INFO  com.gergert.parking.entity.Parking - Car com.gergert.parking.entity.Car@5b800e51 took spot 5
2026-02-08 11:39:46.019 [pool-2-thread-12] INFO  com.gergert.parking.entity.Parking - 3 released. Expected VIPs: 0
2026-02-08 11:39:46.019 [pool-2-thread-13] INFO  com.gergert.parking.entity.Parking - 5 released. Expected VIPs: 0
2026-02-08 11:39:46.020 [pool-2-thread-9] INFO  com.gergert.parking.entity.Parking - Car com.gergert.parking.entity.Car@6f2f28db took spot 4
2026-02-08 11:39:46.021 [pool-2-thread-8] INFO  com.gergert.parking.entity.Parking - Car com.gergert.parking.entity.Car@7d223834 took spot 2
2026-02-08 11:39:46.081 [pool-2-thread-8] INFO  com.gergert.parking.entity.Parking - 2 released. Expected VIPs: 0
2026-02-08 11:39:46.081 [pool-2-thread-9] INFO  com.gergert.parking.entity.Parking - 4 released. Expected VIPs: 0
2026-02-08 11:39:46.081 [pool-2-thread-7] INFO  com.gergert.parking.entity.Parking - Car com.gergert.parking.entity.Car@649638a7 took spot 1
2026-02-08 11:39:46.082 [pool-2-thread-5] INFO  com.gergert.parking.entity.Parking - Car com.gergert.parking.entity.Car@1fe7344e took spot 3
2026-02-08 11:39:46.144 [pool-2-thread-5] INFO  com.gergert.parking.entity.Parking - 3 released. Expected VIPs: 0
2026-02-08 11:39:46.144 [pool-2-thread-7] INFO  com.gergert.parking.entity.Parking - 1 released. Expected VIPs: 0
2026-02-08 11:39:46.145 [pool-2-thread-2] INFO  com.gergert.parking.entity.Parking - Car com.gergert.parking.entity.Car@53b76f54 took spot 5
2026-02-08 11:39:46.145 [pool-2-thread-16] INFO  com.gergert.parking.entity.Parking - Car com.gergert.parking.entity.Car@64553a18 took spot 2
2026-02-08 11:39:46.206 [pool-2-thread-16] INFO  com.gergert.parking.entity.Parking - 2 released. Expected VIPs: 0
2026-02-08 11:39:46.207 [pool-2-thread-2] INFO  com.gergert.parking.entity.Parking - 5 released. Expected VIPs: 0
2026-02-08 11:39:46.208 [pool-2-thread-17] INFO  com.gergert.parking.entity.Parking - Car com.gergert.parking.entity.Car@2f3cdbd5 took spot 4
2026-02-08 11:39:46.208 [pool-2-thread-31] INFO  com.gergert.parking.entity.Parking - Car com.gergert.parking.entity.Car@12c22898 took spot 3
2026-02-08 11:39:46.270 [pool-2-thread-31] INFO  com.gergert.parking.entity.Parking - 3 released. Expected VIPs: 0
2026-02-08 11:39:46.271 [pool-2-thread-17] INFO  com.gergert.parking.entity.Parking - 4 released. Expected VIPs: 0
2026-02-08 11:39:46.271 [pool-2-thread-32] INFO  com.gergert.parking.entity.Parking - Car com.gergert.parking.entity.Car@14d3f560 took spot 1
2026-02-08 11:39:46.271 [pool-2-thread-29] INFO  com.gergert.parking.entity.Parking - Car com.gergert.parking.entity.Car@1973a2f4 took spot 2
2026-02-08 11:39:46.333 [pool-2-thread-29] INFO  com.gergert.parking.entity.Parking - 2 released. Expected VIPs: 0
2026-02-08 11:39:46.333 [pool-2-thread-32] INFO  com.gergert.parking.entity.Parking - 1 released. Expected VIPs: 0
2026-02-08 11:39:46.333 [pool-2-thread-34] INFO  com.gergert.parking.entity.Parking - Car com.gergert.parking.entity.Car@6ec5e77d took spot 5
2026-02-08 11:39:46.334 [pool-2-thread-35] INFO  com.gergert.parking.entity.Parking - Car com.gergert.parking.entity.Car@1fe312be took spot 3
2026-02-08 11:39:46.394 [pool-2-thread-35] INFO  com.gergert.parking.entity.Parking - 3 released. Expected VIPs: 0
2026-02-08 11:39:46.394 [pool-2-thread-34] INFO  com.gergert.parking.entity.Parking - 5 released. Expected VIPs: 0
2026-02-08 11:39:46.394 [pool-2-thread-36] INFO  com.gergert.parking.entity.Parking - Car com.gergert.parking.entity.Car@7c65bff5 took spot 4
2026-02-08 11:39:46.394 [pool-2-thread-38] INFO  com.gergert.parking.entity.Parking - Car com.gergert.parking.entity.Car@76b20ed2 took spot 2
2026-02-08 11:39:46.456 [pool-2-thread-36] INFO  com.gergert.parking.entity.Parking - 4 released. Expected VIPs: 0
2026-02-08 11:39:46.457 [pool-2-thread-38] INFO  com.gergert.parking.entity.Parking - 2 released. Expected VIPs: 0
2026-02-08 11:39:46.457 [pool-2-thread-39] INFO  com.gergert.parking.entity.Parking - Car com.gergert.parking.entity.Car@627a7ab2 took spot 1
2026-02-08 11:39:46.517 [pool-2-thread-39] INFO  com.gergert.parking.entity.Parking - 1 released. Expected VIPs: 0
2026-02-08 11:39:46.518 [main] INFO  com.gergert.parking.Main - Application finished successfully.
